<?xml version="1.0" encoding="UTF-8"?>
<!-- Generated by org.testng.reporters.JUnitReportReporter -->
<testsuite hostname="LAPTOP-QLVET0FS" failures="0" tests="1" name="com.automation.cicd.demoSeleniumProject1.TestClass1" time="1.869" errors="0" timestamp="2023-12-03T20:18:39 IST" skipped="0">
  <testcase classname="com.automation.cicd.demoSeleniumProject1.TestClass1" name="TestGoogle" time="1.869"/>
  <system-out/>
</testsuite> <!-- com.automation.cicd.demoSeleniumProject1.TestClass1 -->
